Received POST request with token: cb479b4a05cd6075083541c62a38e37dPasswords match. Hashed password: $2y$10$iQL7y3XiaqNThhjy4DkSmORBZhYSfrMhl0DvXRT52fFdngMdt43f6Executing SQL update statement.Password updated successfully for token: cb479b4a05cd6075083541c62a38e37dReceived POST request with token: cb479b4a05cd6075083541c62a38e37dPasswords match. Hashed password: $2y$10$4AvlO.Jb1ZLItedfWr1MLOmWOFzkAmhsC/muBn876f45w2MJHZT3aExecuting SQL update statement.Password updated successfully for token: cb479b4a05cd6075083541c62a38e37dReceived GET request with token: cb479b4a05cd6075083541c62a38e37dFetched token_expiry: Invalid or expired token.Received POST request with token: cb479b4a05cd6075083541c62a38e37dPasswords match. Hashed password: $2y$10$iVHaTs8voojuqiTX6IdrneWg3V2xz.LBhDpLlPnTNaNnN53Tplcr2Executing SQL update statement.Password updated successfully for token: cb479b4a05cd6075083541c62a38e37dReceived GET request with token: cb479b4a05cd6075083541c62a38e37dFetched token_expiry: Invalid or expired token.Received GET request with token: cb479b4a05cd6075083541c62a38e37dFetched token_expiry: Invalid or expired token.Received GET request with token: d72ef6216df7f28108e68c681ae653a5Fetched token_expiry: Invalid or expired token.Received GET request with token: d72ef6216df7f28108e68c681ae653a5Fetched token_expiry: Invalid or expired token.Received GET request with token: 92941cc2c4f1a5cac8c9780c49715234Fetched token_expiry: 2024-07-05 18:45:36Token is valid and not expired.Received POST request with token: 92941cc2c4f1a5cac8c9780c49715234Passwords match. Hashed password: $2y$10$alocaILYM8B748XtOF9p3O.Nq6NVXeN0Rg.2FGcA4DklNuXSA52TqExecuting SQL update statement.Password updated successfully for token: 92941cc2c4f1a5cac8c9780c49715234Received POST request with token: 92941cc2c4f1a5cac8c9780c49715234Passwords match. Hashed password: $2y$10$xpzPwe5BWN9ifnabhDC6/OHmvALKkWJFR9ccLz1ZoO02GW2FhCD/.Executing SQL update statement.Password updated successfully for token: 92941cc2c4f1a5cac8c9780c49715234Received POST request with token: 92941cc2c4f1a5cac8c9780c49715234Passwords match. Hashed password: $2y$10$oXVVH2xgJmebyfR3NgwoHOUeJFb9/DQpqav42lRijcBdgfKyTFJNyExecuting SQL update statement.Password updated successfully for token: 92941cc2c4f1a5cac8c9780c49715234Received GET request with token: 92941cc2c4f1a5cac8c9780c49715234Fetched token_expiry: 2024-07-05 18:45:36Token is valid and not expired.Received POST request with token: 92941cc2c4f1a5cac8c9780c49715234Passwords match. Hashed password: $2y$10$magR4c2WK6Fkfmzm3bE/MekeT0ciWSZ2dJEDVtyxUhmygy.eOaDnOExecuting SQL update statement.Password updated successfully for token: 92941cc2c4f1a5cac8c9780c49715234Received GET request with token: 1733d5985f2d0aad151f520cb6a2830b
Fetched token_expiry: 2024-07-05 18:55:36
Token is valid and not expired.
Received POST request with token: 1733d5985f2d0aad151f520cb6a2830b
Passwords do not match.
Received GET request with token: 1733d5985f2d0aad151f520cb6a2830b
Fetched token_expiry: 2024-07-05 18:55:36
Token is valid and not expired.
Received POST request with token: 1733d5985f2d0aad151f520cb6a2830b
Passwords match. Hashed password: $2y$10$gENjtIxe1r75xW2C4n.VtOydKAAMLM.UeylxRMQo3y/Cw3L8bxNJm
Executing SQL update statement.
Password updated successfully for token: 1733d5985f2d0aad151f520cb6a2830b
Received GET request with token: 1733d5985f2d0aad151f520cb6a2830b
Fetched token_expiry: 2024-07-05 18:55:36
Token is valid and not expired.
Received POST request with token: 1733d5985f2d0aad151f520cb6a2830b
Passwords match. Hashed password: $2y$10$HAw5kwSuYYuvPbM3PThX/O2hM7cKdVK4EbMTTW59Eiu0M1fkmDyXa
Executing SQL update statement.
Password updated successfully for token: 1733d5985f2d0aad151f520cb6a2830b
Received GET request with token: 1733d5985f2d0aad151f520cb6a2830b
Fetched token_expiry: 2024-07-05 18:55:36
Token is valid and not expired.
Received POST request with token: 1733d5985f2d0aad151f520cb6a2830b
Passwords match. Hashed password: $2y$10$V1q7Ku9SeJzm/EQi1brXX.medQ4tvpP/UHx3j2k3FTHCDhRH5jlke
Executing SQL update statement.
Password updated successfully for token: 1733d5985f2d0aad151f520cb6a2830b
Received POST request with token: 1733d5985f2d0aad151f520cb6a2830b
Passwords match. Hashed password: $2y$10$JX89YL9IDpjn0HJYwzt9Re08Fqu8Zw3L9SF6nibLHUuRwbdte3deO
Executing SQL update statement.
Password updated successfully for token: 1733d5985f2d0aad151f520cb6a2830b
Received POST request with token: 1733d5985f2d0aad151f520cb6a2830b
Passwords match. Hashed password: $2y$10$quRuEs5FPoLKavZMxsfL.Onzfgfj3lLAqfs35pi.b6LTz5gpNlTpC
Executing SQL update statement.
Password updated successfully for token: 1733d5985f2d0aad151f520cb6a2830b
Received POST request with token: 1733d5985f2d0aad151f520cb6a2830b
Passwords match. Hashed password: $2y$10$Jx5hljhF2/2dLAwsmBIG9OLb2JaweJlPx6GZJK0IwosG6kxJRF046
Executing SQL update statement.
Password updated successfully for token: 1733d5985f2d0aad151f520cb6a2830b
Received POST request with token: 1733d5985f2d0aad151f520cb6a2830b
Passwords match. Hashed password: $2y$10$xmlzRl2NeM1UdLSfroBRQ.fZHjy0RXK4bk1ugQHWZulW/LmFMZMRe
Executing SQL update statement.
Password updated successfully for token: 1733d5985f2d0aad151f520cb6a2830b
Received GET request with token: 1733d5985f2d0aad151f520cb6a2830b
Fetched token_expiry: 
Invalid or expired token.
Received GET request with token: 1733d5985f2d0aad151f520cb6a2830b
Fetched token_expiry: 
Invalid or expired token.
Received GET request with token: c3832dcc4b78a0f822d7f3eadc3841f5
Fetched token_expiry: 
Invalid or expired token.
Received GET request with token: c3832dcc4b78a0f822d7f3eadc3841f5
Fetched token_expiry: 
Invalid or expired token.
Received GET request with token: c3832dcc4b78a0f822d7f3eadc3841f5
Fetched token_expiry: 
Invalid or expired token.
Received GET request with token: c3832dcc4b78a0f822d7f3eadc3841f5
Fetched token_expiry: 2024-07-05 19:03:37
Token is valid and not expired.
Received POST request with token: c3832dcc4b78a0f822d7f3eadc3841f5
Passwords do not match.
Received GET request with token: c3832dcc4b78a0f822d7f3eadc3841f5
Fetched token_expiry: 2024-07-05 19:03:37
Token is valid and not expired.
Received POST request with token: c3832dcc4b78a0f822d7f3eadc3841f5
Passwords do not match.
Received GET request with token: c3832dcc4b78a0f822d7f3eadc3841f5
Fetched token_expiry: 2024-07-05 19:03:37
Token is valid and not expired.
Received POST request with token: c3832dcc4b78a0f822d7f3eadc3841f5
Passwords do not match.
Received GET request with token: c3832dcc4b78a0f822d7f3eadc3841f5
Fetched token_expiry: 2024-07-05 19:03:37
Token is valid and not expired.
Received POST request with token: c3832dcc4b78a0f822d7f3eadc3841f5
Passwords do not match.
Received POST request with token: c3832dcc4b78a0f822d7f3eadc3841f5
Passwords do not match.
Received GET request with token: c3832dcc4b78a0f822d7f3eadc3841f5
Fetched token_expiry: 2024-07-05 19:03:37
Token is valid and not expired.
Received GET request with token: c3832dcc4b78a0f822d7f3eadc3841f5
Fetched token_expiry: 2024-07-05 19:03:37
Token is valid and not expired.
Received POST request with token: c3832dcc4b78a0f822d7f3eadc3841f5
Passwords do not match.
Received POST request with token: c3832dcc4b78a0f822d7f3eadc3841f5
Passwords match. Hashed password: $2y$10$z2tZPeJPN4rCbNvQTAsvpeERjJsbR.oqczUe0y3IrTMJpeNnwi9Su
Executing SQL update statement.
Password updated successfully for token: c3832dcc4b78a0f822d7f3eadc3841f5
